e:\opengl\openglexperiment\openglexperiment\debug\vc142.pdb
e:\opengl\openglexperiment\openglexperiment\debug\vc142.idb
e:\opengl\openglexperiment\openglexperiment\debug\shadermodel.obj
e:\opengl\openglexperiment\openglexperiment\debug\openglexperiment.obj
e:\opengl\openglexperiment\openglexperiment\debug\camera.obj
e:\opengl\openglexperiment\openglexperiment\debug\main.obj
e:\opengl\openglexperiment\openglexperiment\debug\test.obj
e:\opengl\openglexperiment\openglexperiment\debug\loadmodel.obj
e:\opengl\openglexperiment\openglexperiment\debug\assimptest.obj
e:\opengl\openglexperiment\openglexperiment\debug\stb_image.obj
e:\opengl\openglexperiment\openglexperiment\debug\model.obj
e:\opengl\openglexperiment\openglexperiment\debug\mesh.obj
e:\opengl\openglexperiment\openglexperiment\debug\cameranew.obj
e:\opengl\openglexperiment\debug\openglexperiment.exe
e:\opengl\openglexperiment\openglexperiment\debug\openglexperiment.ilk
e:\opengl\openglexperiment\debug\openglexperiment.pdb
e:\opengl\openglexperiment\openglexperiment\debug\openglexperiment.tlog\cl.command.1.tlog
e:\opengl\openglexperiment\openglexperiment\debug\openglexperiment.tlog\cl.read.1.tlog
e:\opengl\openglexperiment\openglexperiment\debug\openglexperiment.tlog\cl.write.1.tlog
e:\opengl\openglexperiment\openglexperiment\debug\openglexperiment.tlog\link.command.1.tlog
e:\opengl\openglexperiment\openglexperiment\debug\openglexperiment.tlog\link.read.1.tlog
e:\opengl\openglexperiment\openglexperiment\debug\openglexperiment.tlog\link.write.1.tlog
